Build started 9/23/2014 11:07:30 AM.
     1>Project "C:\Users\Patrick\Documents\Visual Studio 2010\Projects\RetailBoss_Alpha_v0.01\RetailBoss_Alpha_v0.01\RetailBoss_Alpha_v0.01.vcxproj" on node 2 (build target(s)).
     1>InitializeBuildStatus:
         Touching "Release\RetailBoss_Alpha_v0.01.unsuccessfulbuild".
       ClCompile:
         C:\Program Files (x86)\Microsoft Visual Studio 10.0\VC\bin\CL.exe /c /Zi /nologo /W3 /WX- /O2 /Oi /Oy- /GL /D _MBCS /Gm- /EHsc /MD /GS /Gy /fp:precise /Zc:wchar_t /Zc:forScope /Fo"Release\\" /Fd"Release\vc100.pdb" /Gd /TP /analyze- /errorReport:prompt main.cpp
         main.cpp
       Link:
         C:\Program Files (x86)\Microsoft Visual Studio 10.0\VC\bin\link.exe /ERRORREPORT:PROMPT /OUT:"C:\Users\Patrick\Documents\Visual Studio 2010\Projects\RetailBoss_Alpha_v0.01\Release\RetailBoss_Alpha_v0.01.exe" /NOLOGO SDLmain.lib SDL.lib SDL_ttf.lib SDL_net.lib SDL_mixer.lib SDL_image.lib kernel32.lib user32.lib gdi32.lib winspool.lib comdlg32.lib advapi32.lib shell32.lib ole32.lib oleaut32.lib uuid.lib odbc32.lib odbccp32.lib /MANIFEST /ManifestFile:"Release\RetailBoss_Alpha_v0.01.exe.intermediate.manifest" /MANIFESTUAC:"level='asInvoker' uiAccess='false'" /DEBUG /PDB:"C:\Users\Patrick\Documents\Visual Studio 2010\Projects\RetailBoss_Alpha_v0.01\Release\RetailBoss_Alpha_v0.01.pdb" /SUBSYSTEM:CONSOLE /OPT:REF /OPT:ICF /LTCG /TLBID:1 /DYNAMICBASE /NXCOMPAT /IMPLIB:"C:\Users\Patrick\Documents\Visual Studio 2010\Projects\RetailBoss_Alpha_v0.01\Release\RetailBoss_Alpha_v0.01.lib" /MACHINE:X86 Release\main.obj
         Generating code
         Finished generating code
         RetailBoss_Alpha_v0.01.vcxproj -> C:\Users\Patrick\Documents\Visual Studio 2010\Projects\RetailBoss_Alpha_v0.01\Release\RetailBoss_Alpha_v0.01.exe
       Manifest:
         C:\Program Files (x86)\Microsoft SDKs\Windows\v7.0A\bin\mt.exe /nologo /verbose /outputresource:"C:\Users\Patrick\Documents\Visual Studio 2010\Projects\RetailBoss_Alpha_v0.01\Release\RetailBoss_Alpha_v0.01.exe;#1" /manifest Release\RetailBoss_Alpha_v0.01.exe.intermediate.manifest
       FinalizeBuildStatus:
         Deleting file "Release\RetailBoss_Alpha_v0.01.unsuccessfulbuild".
         Touching "Release\RetailBoss_Alpha_v0.01.lastbuildstate".
     1>Done Building Project "C:\Users\Patrick\Documents\Visual Studio 2010\Projects\RetailBoss_Alpha_v0.01\RetailBoss_Alpha_v0.01\RetailBoss_Alpha_v0.01.vcxproj" (build target(s)).

Build succeeded.

Time Elapsed 00:00:01.01
